
*** Running vivado
    with args -log spiControl.vds -m64 -product Vivado -mode batch -messageDb vivado.pb -notrace -source spiControl.tcl


ECHO is off.
ECHO is off.

****** Vivado v2023.1 (64-bit)
  **** SW Build 3865809 on Sun May  7 15:05:29 MDT 2023
  **** IP Build 3864474 on Sun May  7 20:36:21 MDT 2023
  **** SharedData Build 3865790 on Sun May 07 13:33:03 MDT 2023
    ** Copyright 1986-2022 Xilinx, Inc. All Rights Reserved.
    ** Copyright 2022-2023 Advanced Micro Devices, Inc. All Rights Reserved.

source spiControl.tcl -notrace
create_project: Time (s): cpu = 00:00:22 ; elapsed = 00:00:22 . Memory (MB): peak = 464.605 ; gain = 164.691
Command: read_checkpoint -auto_incremental -incremental C:/Users/klin/Desktop/LGA/LGA.srcs/utils_1/imports/synth_1/spiControl.dcp
INFO: [Vivado 12-5825] Read reference checkpoint from C:/Users/klin/Desktop/LGA/LGA.srcs/utils_1/imports/synth_1/spiControl.dcp for incremental synthesis
INFO: [Vivado 12-7989] Please ensure there are no constraint changes
Command: synth_design -top spiControl -part xc7z020clg484-1
Starting synth_design
Attempting to get a license for feature 'Synthesis' and/or device 'xc7z020'
INFO: [Common 17-349] Got license for feature 'Synthesis' and/or device 'xc7z020'
INFO: [Device 21-403] Loading part xc7z020clg484-1
INFO: [Designutils 20-5440] No compile time benefit to using incremental synthesis; A full resynthesis will be run
INFO: [Designutils 20-4379] Flow is switching to default flow due to incremental criteria not met. If you would like to alter this behaviour and have the flow terminate instead, please set the following parameter config_implementation {autoIncr.Synth.RejectBehavior Terminate}
INFO: [Synth 8-7079] Multithreading enabled for synth_design using a maximum of 2 processes.
INFO: [Synth 8-7078] Launching helper process for spawning children vivado processes
INFO: [Synth 8-7075] Helper process launched with PID 8680
---------------------------------------------------------------------------------
Starting RTL Elaboration : Time (s): cpu = 00:00:16 ; elapsed = 00:00:17 . Memory (MB): peak = 1312.641 ; gain = 412.070
---------------------------------------------------------------------------------
INFO: [Synth 8-6157] synthesizing module 'spiControl' [C:/Users/klin/Desktop/LGA/LGA.srcs/sources_1/new/spiControl.v:23]
INFO: [Synth 8-155] case statement is not full and has no default [C:/Users/klin/Desktop/LGA/LGA.srcs/sources_1/new/spiControl.v:76]
INFO: [Synth 8-6155] done synthesizing module 'spiControl' (0#1) [C:/Users/klin/Desktop/LGA/LGA.srcs/sources_1/new/spiControl.v:23]
---------------------------------------------------------------------------------
Finished RTL Elaboration : Time (s): cpu = 00:00:20 ; elapsed = 00:00:22 . Memory (MB): peak = 1402.879 ; gain = 502.309
---------------------------------------------------------------------------------
---------------------------------------------------------------------------------
Start Handling Custom Attributes
---------------------------------------------------------------------------------
---------------------------------------------------------------------------------
Finished Handling Custom Attributes : Time (s): cpu = 00:00:20 ; elapsed = 00:00:22 . Memory (MB): peak = 1402.879 ; gain = 502.309
---------------------------------------------------------------------------------
---------------------------------------------------------------------------------
Finished RTL Optimization Phase 1 : Time (s): cpu = 00:00:20 ; elapsed = 00:00:22 . Memory (MB): peak = 1402.879 ; gain = 502.309
---------------------------------------------------------------------------------
Netlist sorting complete. Time (s): cpu = 00:00:00 ; elapsed = 00:00:00.001 . Memory (MB): peak = 1402.879 ; gain = 0.000
INFO: [Project 1-570] Preparing netlist for logic optimization

Processing XDC Constraints
Initializing timing engine
Parsing XDC File [C:/Users/klin/Desktop/LGA/LGA.srcs/constrs_1/new/spiControl.xdc]
WARNING: [Vivado 12-584] No ports matched 'oled_spi_clk_0'. [C:/Users/klin/Desktop/LGA/LGA.srcs/constrs_1/new/spiControl.xdc:1]
CRITICAL WARNING: [Common 17-55] 'set_property' expects at least one object. [C:/Users/klin/Desktop/LGA/LGA.srcs/constrs_1/new/spiControl.xdc:1]
Resolution: If [get_<value>] was used to populate the object, check to make sure this command returns at least one valid object.
WARNING: [Vivado 12-584] No ports matched 'oled_rst_n_0'. [C:/Users/klin/Desktop/LGA/LGA.srcs/constrs_1/new/spiControl.xdc:2]
CRITICAL WARNING: [Common 17-55] 'set_property' expects at least one object. [C:/Users/klin/Desktop/LGA/LGA.srcs/constrs_1/new/spiControl.xdc:2]
Resolution: If [get_<value>] was used to populate the object, check to make sure this command returns at least one valid object.
WARNING: [Vivado 12-584] No ports matched 'oled_dc_n_0'. [C:/Users/klin/Desktop/LGA/LGA.srcs/constrs_1/new/spiControl.xdc:3]
CRITICAL WARNING: [Common 17-55] 'set_property' expects at least one object. [C:/Users/klin/Desktop/LGA/LGA.srcs/constrs_1/new/spiControl.xdc:3]
Resolution: If [get_<value>] was used to populate the object, check to make sure this command returns at least one valid object.
WARNING: [Vivado 12-584] No ports matched 'oled_spi_data_0'. [C:/Users/klin/Desktop/LGA/LGA.srcs/constrs_1/new/spiControl.xdc:4]
CRITICAL WARNING: [Common 17-55] 'set_property' expects at least one object. [C:/Users/klin/Desktop/LGA/LGA.srcs/constrs_1/new/spiControl.xdc:4]
Resolution: If [get_<value>] was used to populate the object, check to make sure this command returns at least one valid object.
WARNING: [Vivado 12-584] No ports matched 'oled_vbat_0'. [C:/Users/klin/Desktop/LGA/LGA.srcs/constrs_1/new/spiControl.xdc:5]
CRITICAL WARNING: [Common 17-55] 'set_property' expects at least one object. [C:/Users/klin/Desktop/LGA/LGA.srcs/constrs_1/new/spiControl.xdc:5]
Resolution: If [get_<value>] was used to populate the object, check to make sure this command returns at least one valid object.
WARNING: [Vivado 12-584] No ports matched 'oled_vdd_0'. [C:/Users/klin/Desktop/LGA/LGA.srcs/constrs_1/new/spiControl.xdc:6]
CRITICAL WARNING: [Common 17-55] 'set_property' expects at least one object. [C:/Users/klin/Desktop/LGA/LGA.srcs/constrs_1/new/spiControl.xdc:6]
Resolution: If [get_<value>] was used to populate the object, check to make sure this command returns at least one valid object.
WARNING: [Vivado 12-584] No ports matched 'oled_spi_clk_0'. [C:/Users/klin/Desktop/LGA/LGA.srcs/constrs_1/new/spiControl.xdc:7]
CRITICAL WARNING: [Common 17-55] 'set_property' expects at least one object. [C:/Users/klin/Desktop/LGA/LGA.srcs/constrs_1/new/spiControl.xdc:7]
Resolution: If [get_<value>] was used to populate the object, check to make sure this command returns at least one valid object.
WARNING: [Vivado 12-584] No ports matched 'oled_rst_n_0'. [C:/Users/klin/Desktop/LGA/LGA.srcs/constrs_1/new/spiControl.xdc:8]
CRITICAL WARNING: [Common 17-55] 'set_property' expects at least one object. [C:/Users/klin/Desktop/LGA/LGA.srcs/constrs_1/new/spiControl.xdc:8]
Resolution: If [get_<value>] was used to populate the object, check to make sure this command returns at least one valid object.
WARNING: [Vivado 12-584] No ports matched 'oled_dc_n_0'. [C:/Users/klin/Desktop/LGA/LGA.srcs/constrs_1/new/spiControl.xdc:9]
CRITICAL WARNING: [Common 17-55] 'set_property' expects at least one object. [C:/Users/klin/Desktop/LGA/LGA.srcs/constrs_1/new/spiControl.xdc:9]
Resolution: If [get_<value>] was used to populate the object, check to make sure this command returns at least one valid object.
WARNING: [Vivado 12-584] No ports matched 'oled_spi_data_0'. [C:/Users/klin/Desktop/LGA/LGA.srcs/constrs_1/new/spiControl.xdc:10]
CRITICAL WARNING: [Common 17-55] 'set_property' expects at least one object. [C:/Users/klin/Desktop/LGA/LGA.srcs/constrs_1/new/spiControl.xdc:10]
Resolution: If [get_<value>] was used to populate the object, check to make sure this command returns at least one valid object.
WARNING: [Vivado 12-584] No ports matched 'oled_vbat_0'. [C:/Users/klin/Desktop/LGA/LGA.srcs/constrs_1/new/spiControl.xdc:11]
CRITICAL WARNING: [Common 17-55] 'set_property' expects at least one object. [C:/Users/klin/Desktop/LGA/LGA.srcs/constrs_1/new/spiControl.xdc:11]
Resolution: If [get_<value>] was used to populate the object, check to make sure this command returns at least one valid object.
WARNING: [Vivado 12-584] No ports matched 'oled_vdd_0'. [C:/Users/klin/Desktop/LGA/LGA.srcs/constrs_1/new/spiControl.xdc:12]
CRITICAL WARNING: [Common 17-55] 'set_property' expects at least one object. [C:/Users/klin/Desktop/LGA/LGA.srcs/constrs_1/new/spiControl.xdc:12]
Resolution: If [get_<value>] was used to populate the object, check to make sure this command returns at least one valid object.
Finished Parsing XDC File [C:/Users/klin/Desktop/LGA/LGA.srcs/constrs_1/new/spiControl.xdc]
INFO: [Project 1-236] Implementation specific constraints were found while reading constraint file [C:/Users/klin/Desktop/LGA/LGA.srcs/constrs_1/new/spiControl.xdc]. These constraints will be ignored for synthesis but will be used in implementation. Impacted constraints are listed in the file [.Xil/spiControl_propImpl.xdc].
Resolution: To avoid this warning, move constraints listed in [.Xil/spiControl_propImpl.xdc] to another XDC file and exclude this new file from synthesis with the used_in_synthesis property (File Properties dialog in GUI) and re-run elaboration/synthesis.
Completed Processing XDC Constraints

Netlist sorting complete. Time (s): cpu = 00:00:00 ; elapsed = 00:00:00.001 . Memory (MB): peak = 1493.117 ; gain = 0.000
INFO: [Project 1-111] Unisim Transformation Summary:
No Unisim elements were transformed.

Constraint Validation Runtime : Time (s): cpu = 00:00:00 ; elapsed = 00:00:00.006 . Memory (MB): peak = 1493.117 ; gain = 0.000
INFO: [Designutils 20-5440] No compile time benefit to using incremental synthesis; A full resynthesis will be run
INFO: [Designutils 20-4379] Flow is switching to default flow due to incremental criteria not met. If you would like to alter this behaviour and have the flow terminate instead, please set the following parameter config_implementation {autoIncr.Synth.RejectBehavior Terminate}
---------------------------------------------------------------------------------
Finished Constraint Validation : Time (s): cpu = 00:00:44 ; elapsed = 00:00:46 . Memory (MB): peak = 1493.117 ; gain = 592.547
---------------------------------------------------------------------------------
---------------------------------------------------------------------------------
Start Loading Part and Timing Information
---------------------------------------------------------------------------------
Loading part: xc7z020clg484-1
---------------------------------------------------------------------------------
Finished Loading Part and Timing Information : Time (s): cpu = 00:00:44 ; elapsed = 00:00:46 . Memory (MB): peak = 1493.117 ; gain = 592.547
---------------------------------------------------------------------------------
---------------------------------------------------------------------------------
Start Applying 'set_property' XDC Constraints
---------------------------------------------------------------------------------
---------------------------------------------------------------------------------
Finished applying 'set_property' XDC Constraints : Time (s): cpu = 00:00:44 ; elapsed = 00:00:46 . Memory (MB): peak = 1493.117 ; gain = 592.547
---------------------------------------------------------------------------------
INFO: [Synth 8-802] inferred FSM for state register 'state_reg' in module 'spiControl'
INFO: [Synth 8-6159] Found Keep on FSM register 'state_reg' in module 'spiControl', re-encoding will not be performed
---------------------------------------------------------------------------------------------------
                   State |                     New Encoding |                Previous Encoding 
---------------------------------------------------------------------------------------------------
*
                    IDLE |                               00 |                               00
                    SEND |                               01 |                               01
                    DONE |                               10 |                               10
---------------------------------------------------------------------------------------------------
---------------------------------------------------------------------------------
Finished RTL Optimization Phase 2 : Time (s): cpu = 00:00:44 ; elapsed = 00:00:47 . Memory (MB): peak = 1493.117 ; gain = 592.547
---------------------------------------------------------------------------------
---------------------------------------------------------------------------------
Start RTL Component Statistics 
---------------------------------------------------------------------------------
Detailed RTL Component Info : 
+---Adders : 
	   2 Input    3 Bit       Adders := 2     
+---Registers : 
	                8 Bit    Registers := 1     
	                3 Bit    Registers := 2     
	                1 Bit    Registers := 4     
+---Muxes : 
	   4 Input    8 Bit        Muxes := 1     
	   4 Input    3 Bit        Muxes := 1     
	   4 Input    2 Bit        Muxes := 1     
	   2 Input    2 Bit        Muxes := 3     
	   2 Input    1 Bit        Muxes := 2     
	   4 Input    1 Bit        Muxes := 7     
---------------------------------------------------------------------------------
Finished RTL Component Statistics 
---------------------------------------------------------------------------------
---------------------------------------------------------------------------------
Start Part Resource Summary
---------------------------------------------------------------------------------
Part Resources:
DSPs: 220 (col length:60)
BRAMs: 280 (col length: RAMB18 60 RAMB36 30)
---------------------------------------------------------------------------------
Finished Part Resource Summary
---------------------------------------------------------------------------------
---------------------------------------------------------------------------------
Start Cross Boundary and Area Optimization
---------------------------------------------------------------------------------
WARNING: [Synth 8-7080] Parallel synthesis criteria is not met
---------------------------------------------------------------------------------
Finished Cross Boundary and Area Optimization : Time (s): cpu = 00:00:50 ; elapsed = 00:00:52 . Memory (MB): peak = 1493.117 ; gain = 592.547
---------------------------------------------------------------------------------
---------------------------------------------------------------------------------
Start Applying XDC Timing Constraints
---------------------------------------------------------------------------------
---------------------------------------------------------------------------------
Finished Applying XDC Timing Constraints : Time (s): cpu = 00:01:38 ; elapsed = 00:01:41 . Memory (MB): peak = 1493.117 ; gain = 592.547
---------------------------------------------------------------------------------
---------------------------------------------------------------------------------
Start Timing Optimization
---------------------------------------------------------------------------------
---------------------------------------------------------------------------------
Finished Timing Optimization : Time (s): cpu = 00:01:38 ; elapsed = 00:01:41 . Memory (MB): peak = 1493.117 ; gain = 592.547
---------------------------------------------------------------------------------
---------------------------------------------------------------------------------
Start Technology Mapping
---------------------------------------------------------------------------------
---------------------------------------------------------------------------------
Finished Technology Mapping : Time (s): cpu = 00:01:38 ; elapsed = 00:01:41 . Memory (MB): peak = 1493.117 ; gain = 592.547
---------------------------------------------------------------------------------
---------------------------------------------------------------------------------
Start IO Insertion
---------------------------------------------------------------------------------
---------------------------------------------------------------------------------
Start Flattening Before IO Insertion
---------------------------------------------------------------------------------
---------------------------------------------------------------------------------
Finished Flattening Before IO Insertion
---------------------------------------------------------------------------------
---------------------------------------------------------------------------------
Start Final Netlist Cleanup
---------------------------------------------------------------------------------
---------------------------------------------------------------------------------
Finished Final Netlist Cleanup
---------------------------------------------------------------------------------
---------------------------------------------------------------------------------
Finished IO Insertion : Time (s): cpu = 00:01:51 ; elapsed = 00:01:54 . Memory (MB): peak = 1493.117 ; gain = 592.547
---------------------------------------------------------------------------------
---------------------------------------------------------------------------------
Start Renaming Generated Instances
---------------------------------------------------------------------------------
---------------------------------------------------------------------------------
Finished Renaming Generated Instances : Time (s): cpu = 00:01:51 ; elapsed = 00:01:54 . Memory (MB): peak = 1493.117 ; gain = 592.547
---------------------------------------------------------------------------------
---------------------------------------------------------------------------------
Start Rebuilding User Hierarchy
---------------------------------------------------------------------------------
---------------------------------------------------------------------------------
Finished Rebuilding User Hierarchy : Time (s): cpu = 00:01:51 ; elapsed = 00:01:54 . Memory (MB): peak = 1493.117 ; gain = 592.547
---------------------------------------------------------------------------------
---------------------------------------------------------------------------------
Start Renaming Generated Ports
---------------------------------------------------------------------------------
---------------------------------------------------------------------------------
Finished Renaming Generated Ports : Time (s): cpu = 00:01:51 ; elapsed = 00:01:54 . Memory (MB): peak = 1493.117 ; gain = 592.547
---------------------------------------------------------------------------------
---------------------------------------------------------------------------------
Start Handling Custom Attributes
---------------------------------------------------------------------------------
---------------------------------------------------------------------------------
Finished Handling Custom Attributes : Time (s): cpu = 00:01:51 ; elapsed = 00:01:54 . Memory (MB): peak = 1493.117 ; gain = 592.547
---------------------------------------------------------------------------------
---------------------------------------------------------------------------------
Start Renaming Generated Nets
---------------------------------------------------------------------------------
---------------------------------------------------------------------------------
Finished Renaming Generated Nets : Time (s): cpu = 00:01:51 ; elapsed = 00:01:54 . Memory (MB): peak = 1493.117 ; gain = 592.547
---------------------------------------------------------------------------------
---------------------------------------------------------------------------------
Start Writing Synthesis Report
---------------------------------------------------------------------------------

Report BlackBoxes: 
+-+--------------+----------+
| |BlackBox name |Instances |
+-+--------------+----------+
+-+--------------+----------+

Report Cell Usage: 
+------+-----+------+
|      |Cell |Count |
+------+-----+------+
|1     |BUFG |     1|
|2     |LUT2 |     6|
|3     |LUT3 |    10|
|4     |LUT4 |     4|
|5     |LUT5 |     1|
|6     |LUT6 |     4|
|7     |FDRE |    17|
|8     |FDSE |     1|
|9     |FD   |     2|
|10    |IBUF |    11|
|11    |OBUF |     3|
+------+-----+------+
---------------------------------------------------------------------------------
Finished Writing Synthesis Report : Time (s): cpu = 00:01:51 ; elapsed = 00:01:54 . Memory (MB): peak = 1493.117 ; gain = 592.547
---------------------------------------------------------------------------------
Synthesis finished with 0 errors, 0 critical warnings and 1 warnings.
Synthesis Optimization Runtime : Time (s): cpu = 00:01:25 ; elapsed = 00:01:48 . Memory (MB): peak = 1493.117 ; gain = 502.309
Synthesis Optimization Complete : Time (s): cpu = 00:01:51 ; elapsed = 00:01:55 . Memory (MB): peak = 1493.117 ; gain = 592.547
INFO: [Project 1-571] Translating synthesized netlist
Netlist sorting complete. Time (s): cpu = 00:00:00 ; elapsed = 00:00:00.001 . Memory (MB): peak = 1493.117 ; gain = 0.000
INFO: [Netlist 29-17] Analyzing 2 Unisim elements for replacement
INFO: [Netlist 29-28] Unisim Transformation completed in 0 CPU seconds
INFO: [Project 1-570] Preparing netlist for logic optimization
INFO: [Opt 31-138] Pushed 0 inverter(s) to 0 load pin(s).
Netlist sorting complete. Time (s): cpu = 00:00:00 ; elapsed = 00:00:00 . Memory (MB): peak = 1493.117 ; gain = 0.000
INFO: [Project 1-111] Unisim Transformation Summary:
  A total of 2 instances were transformed.
  FD_1 => FDRE (inverted pins: C): 2 instances

Synth Design complete | Checksum: fd755bff
INFO: [Common 17-83] Releasing license: Synthesis
26 Infos, 13 Warnings, 12 Critical Warnings and 0 Errors encountered.
synth_design completed successfully
synth_design: Time (s): cpu = 00:02:14 ; elapsed = 00:02:18 . Memory (MB): peak = 1493.117 ; gain = 1004.629
INFO: [runtcl-6] Synthesis results are not added to the cache due to CRITICAL_WARNING
INFO: [Common 17-1381] The checkpoint 'C:/Users/klin/Desktop/LGA/LGA.runs/synth_1/spiControl.dcp' has been generated.
INFO: [runtcl-4] Executing : report_utilization -file spiControl_utilization_synth.rpt -pb spiControl_utilization_synth.pb
INFO: [Common 17-206] Exiting Vivado at Thu Jan 18 18:53:17 2024...
